# JRE version: Java(TM) SE Runtime Environment (8.0_181-b13) (build 1.8.0_181-b13)
# Java VM: Java HotSpot(TM) 64-Bit Server VM (25.181-b13 mixed mode windows-amd64 compressed oops)
Heap:
 PSYoungGen      total 139264K, used 16310K [0x00000000eab00000, 0x00000000f5100000, 0x0000000100000000)
  eden space 125440K, 1% used [0x00000000eab00000,0x00000000ead6e2d8,0x00000000f2580000)
  from space 13824K, 99% used [0x00000000f3880000,0x00000000f45ff920,0x00000000f4600000)
  to   space 19456K, 0% used [0x00000000f2580000,0x00000000f2580000,0x00000000f3880000)
 ParOldGen       total 51200K, used 26893K [0x00000000c0000000, 0x00000000c3200000, 0x00000000eab00000)
  object space 51200K, 52% used [0x00000000c0000000,0x00000000c1a43650,0x00000000c3200000)
 Metaspace       used 23840K, capacity 24372K, committed 24624K, reserved 1071104K
  class space    used 2869K, capacity 3048K, committed 3120K, reserved 1048576K
GC Heap History (10 events):
Event: 7.670 GC heap before
{Heap before GC invocations=7 (full 0):
 PSYoungGen      total 72704K, used 70336K [0x00000000eab00000, 0x00000000ef900000, 0x0000000100000000)
  eden space 65536K, 100% used [0x00000000eab00000,0x00000000eeb00000,0x00000000eeb00000)
  from space 7168K, 66% used [0x00000000ef200000,0x00000000ef6b0040,0x00000000ef900000)
  to   space 7168K, 0% used [0x00000000eeb00000,0x00000000eeb00000,0x00000000ef200000)
 ParOldGen       total 44032K, used 9476K [0x00000000c0000000, 0x00000000c2b00000, 0x00000000eab00000)
  object space 44032K, 21% used [0x00000000c0000000,0x00000000c0941240,0x00000000c2b00000)
 Metaspace       used 17023K, capacity 17276K, committed 17536K, reserved 1064960K
  class space    used 1987K, capacity 2086K, committed 2176K, reserved 1048576K
Event: 7.718 GC heap after
Heap after GC invocations=7 (full 0):
 PSYoungGen      total 72704K, used 7164K [0x00000000eab00000, 0x00000000f4600000, 0x0000000100000000)
  eden space 65536K, 0% used [0x00000000eab00000,0x00000000eab00000,0x00000000eeb00000)
  from space 7168K, 99% used [0x00000000eeb00000,0x00000000ef1ff0a0,0x00000000ef200000)
  to   space 13824K, 0% used [0x00000000f3880000,0x00000000f3880000,0x00000000f4600000)
 ParOldGen       total 44032K, used 21533K [0x00000000c0000000, 0x00000000c2b00000, 0x00000000eab00000)
  object space 44032K, 48% used [0x00000000c0000000,0x00000000c1507698,0x00000000c2b00000)
 Metaspace       used 17023K, capacity 17276K, committed 17536K, reserved 1064960K
  class space    used 1987K, capacity 2086K, committed 2176K, reserved 1048576K
}
Event: 9.140 GC heap before
{Heap before GC invocations=8 (full 0):
 PSYoungGen      total 72704K, used 72700K [0x00000000eab00000, 0x00000000f4600000, 0x0000000100000000)
  eden space 65536K, 100% used [0x00000000eab00000,0x00000000eeb00000,0x00000000eeb00000)
  from space 7168K, 99% used [0x00000000eeb00000,0x00000000ef1ff0a0,0x00000000ef200000)
  to   space 13824K, 0% used [0x00000000f3880000,0x00000000f3880000,0x00000000f4600000)
 ParOldGen       total 44032K, used 21533K [0x00000000c0000000, 0x00000000c2b00000, 0x00000000eab00000)
  object space 44032K, 48% used [0x00000000c0000000,0x00000000c1507698,0x00000000c2b00000)
 Metaspace       used 18040K, capacity 18376K, committed 18688K, reserved 1064960K
  class space    used 2112K, capacity 2216K, committed 2304K, reserved 1048576K
Event: 9.173 GC heap after
Heap after GC invocations=8 (full 0):
 PSYoungGen      total 139264K, used 13809K [0x00000000eab00000, 0x00000000f5100000, 0x0000000100000000)
  eden space 125440K, 0% used [0x00000000eab00000,0x00000000eab00000,0x00000000f2580000)
  from space 13824K, 99% used [0x00000000f3880000,0x00000000f45fc540,0x00000000f4600000)
  to   space 19456K, 0% used [0x00000000f2580000,0x00000000f2580000,0x00000000f3880000)
 ParOldGen       total 44032K, used 28804K [0x00000000c0000000, 0x00000000c2b00000, 0x00000000eab00000)
  object space 44032K, 65% used [0x00000000c0000000,0x00000000c1c213e8,0x00000000c2b00000)
 Metaspace       used 18040K, capacity 18376K, committed 18688K, reserved 1064960K
  class space    used 2112K, capacity 2216K, committed 2304K, reserved 1048576K
}
Event: 10.138 GC heap before
{Heap before GC invocations=9 (full 0):
 PSYoungGen      total 139264K, used 36286K [0x00000000eab00000, 0x00000000f5100000, 0x0000000100000000)
  eden space 125440K, 17% used [0x00000000eab00000,0x00000000ec0f3308,0x00000000f2580000)
  from space 13824K, 99% used [0x00000000f3880000,0x00000000f45fc540,0x00000000f4600000)
  to   space 19456K, 0% used [0x00000000f2580000,0x00000000f2580000,0x00000000f3880000)
 ParOldGen       total 44032K, used 28804K [0x00000000c0000000, 0x00000000c2b00000, 0x00000000eab00000)
  object space 44032K, 65% used [0x00000000c0000000,0x00000000c1c213e8,0x00000000c2b00000)
 Metaspace       used 20840K, capacity 21240K, committed 21296K, reserved 1069056K
  class space    used 2483K, capacity 2608K, committed 2608K, reserved 1048576K
Event: 10.160 GC heap after
Heap after GC invocations=9 (full 0):
 PSYoungGen      total 144896K, used 10673K [0x00000000eab00000, 0x00000000f5100000, 0x0000000100000000)
  eden space 125440K, 0% used [0x00000000eab00000,0x00000000eab00000,0x00000000f2580000)
  from space 19456K, 54% used [0x00000000f2580000,0x00000000f2fec718,0x00000000f3880000)
  to   space 13824K, 0% used [0x00000000f3880000,0x00000000f3880000,0x00000000f4600000)
 ParOldGen       total 44032K, used 31508K [0x00000000c0000000, 0x00000000c2b00000, 0x00000000eab00000)
  object space 44032K, 71% used [0x00000000c0000000,0x00000000c1ec53e8,0x00000000c2b00000)
 Metaspace       used 20840K, capacity 21240K, committed 21296K, reserved 1069056K
  class space    used 2483K, capacity 2608K, committed 2608K, reserved 1048576K
}
Event: 10.161 GC heap before
{Heap before GC invocations=10 (full 1):
 PSYoungGen      total 144896K, used 10673K [0x00000000eab00000, 0x00000000f5100000, 0x0000000100000000)
  eden space 125440K, 0% used [0x00000000eab00000,0x00000000eab00000,0x00000000f2580000)
  from space 19456K, 54% used [0x00000000f2580000,0x00000000f2fec718,0x00000000f3880000)
  to   space 13824K, 0% used [0x00000000f3880000,0x00000000f3880000,0x00000000f4600000)
 ParOldGen       total 44032K, used 31508K [0x00000000c0000000, 0x00000000c2b00000, 0x00000000eab00000)
  object space 44032K, 71% used [0x00000000c0000000,0x00000000c1ec53e8,0x00000000c2b00000)
 Metaspace       used 20840K, capacity 21240K, committed 21296K, reserved 1069056K
  class space    used 2483K, capacity 2608K, committed 2608K, reserved 1048576K
Event: 10.254 GC heap after
Heap after GC invocations=10 (full 1):
 PSYoungGen      total 144896K, used 0K [0x00000000eab00000, 0x00000000f5100000, 0x0000000100000000)
  eden space 125440K, 0% used [0x00000000eab00000,0x00000000eab00000,0x00000000f2580000)
  from space 19456K, 0% used [0x00000000f2580000,0x00000000f2580000,0x00000000f3880000)
  to   space 13824K, 0% used [0x00000000f3880000,0x00000000f3880000,0x00000000f4600000)
 ParOldGen       total 51200K, used 18524K [0x00000000c0000000, 0x00000000c3200000, 0x00000000eab00000)
  object space 51200K, 36% used [0x00000000c0000000,0x00000000c1217190,0x00000000c3200000)
 Metaspace       used 20840K, capacity 21240K, committed 21296K, reserved 1069056K
  class space    used 2483K, capacity 2608K, committed 2608K, reserved 1048576K
}
Event: 18.835 GC heap before
{Heap before GC invocations=11 (full 1):
 PSYoungGen      total 144896K, used 125440K [0x00000000eab00000, 0x00000000f5100000, 0x0000000100000000)
  eden space 125440K, 100% used [0x00000000eab00000,0x00000000f2580000,0x00000000f2580000)
  from space 19456K, 0% used [0x00000000f2580000,0x00000000f2580000,0x00000000f3880000)
  to   space 13824K, 0% used [0x00000000f3880000,0x00000000f3880000,0x00000000f4600000)
 ParOldGen       total 51200K, used 18524K [0x00000000c0000000, 0x00000000c3200000, 0x00000000eab00000)
  object space 51200K, 36% used [0x00000000c0000000,0x00000000c1217190,0x00000000c3200000)
 Metaspace       used 23840K, capacity 24372K, committed 24624K, reserved 1071104K
  class space    used 2869K, capacity 3048K, committed 3120K, reserved 1048576K
Event: 18.853 GC heap after
Heap after GC invocations=11 (full 1):
 PSYoungGen      total 139264K, used 13822K [0x00000000eab00000, 0x00000000f5100000, 0x0000000100000000)
  eden space 125440K, 0% used [0x00000000eab00000,0x00000000eab00000,0x00000000f2580000)
  from space 13824K, 99% used [0x00000000f3880000,0x00000000f45ff920,0x00000000f4600000)
  to   space 19456K, 0% used [0x00000000f2580000,0x00000000f2580000,0x00000000f3880000)
 ParOldGen       total 51200K, used 26893K [0x00000000c0000000, 0x00000000c3200000, 0x00000000eab00000)
  object space 51200K, 52% used [0x00000000c0000000,0x00000000c1a43650,0x00000000c3200000)
 Metaspace       used 23840K, capacity 24372K, committed 24624K, reserved 1071104K
  class space    used 2869K, capacity 3048K, committed 3120K, reserved 1048576K
}

